<?xml version="1.0" encoding="UTF-8"?>
<testng-results skipped="0" failed="1" ignored="0" total="11" passed="10">
  <reporter-output>
  </reporter-output>
  <suite name="Command line suite" duration-ms="103719" started-at="2018-01-09T05:57:04Z" finished-at="2018-01-09T05:58:48Z">
    <groups>
    </groups>
    <test name="Command line test" duration-ms="103719" started-at="2018-01-09T05:57:04Z" finished-at="2018-01-09T05:58:48Z">
      <class name="com.crm.qa.testcases.HomePageTest">
        <test-method status="PASS" signature="setup()[pri:0, instance:com.crm.qa.testcases.HomePageTest@4157f54e]" name="setup" is-config="true" duration-ms="6525" started-at="2018-01-09T00:57:56Z" finished-at="2018-01-09T00:58:03Z">
          <reporter-output>
          </reporter-output>
        </test-method> <!-- setup -->
        <test-method status="PASS" signature="verifyHomePageTitleTest()[pri:1, instance:com.crm.qa.testcases.HomePageTest@4157f54e]" name="verifyHomePageTitleTest" duration-ms="5" started-at="2018-01-09T00:58:03Z" finished-at="2018-01-09T00:58:03Z">
          <reporter-output>
          </reporter-output>
        </test-method> <!-- verifyHomePageTitleTest -->
        <test-method status="PASS" signature="tearDown()[pri:0, instance:com.crm.qa.testcases.HomePageTest@4157f54e]" name="tearDown" is-config="true" duration-ms="560" started-at="2018-01-09T00:58:03Z" finished-at="2018-01-09T00:58:03Z">
          <reporter-output>
          </reporter-output>
        </test-method> <!-- tearDown -->
        <test-method status="PASS" signature="setup()[pri:0, instance:com.crm.qa.testcases.HomePageTest@4157f54e]" name="setup" is-config="true" duration-ms="6270" started-at="2018-01-09T00:58:18Z" finished-at="2018-01-09T00:58:24Z">
          <reporter-output>
          </reporter-output>
        </test-method> <!-- setup -->
        <test-method status="PASS" signature="verifyUsernameTest()[pri:2, instance:com.crm.qa.testcases.HomePageTest@4157f54e]" name="verifyUsernameTest" duration-ms="39" started-at="2018-01-09T00:58:24Z" finished-at="2018-01-09T00:58:24Z">
          <reporter-output>
          </reporter-output>
        </test-method> <!-- verifyUsernameTest -->
        <test-method status="PASS" signature="tearDown()[pri:0, instance:com.crm.qa.testcases.HomePageTest@4157f54e]" name="tearDown" is-config="true" duration-ms="558" started-at="2018-01-09T00:58:24Z" finished-at="2018-01-09T00:58:25Z">
          <reporter-output>
          </reporter-output>
        </test-method> <!-- tearDown -->
        <test-method status="PASS" signature="setup()[pri:0, instance:com.crm.qa.testcases.HomePageTest@4157f54e]" name="setup" is-config="true" duration-ms="9477" started-at="2018-01-09T00:58:30Z" finished-at="2018-01-09T00:58:40Z">
          <reporter-output>
          </reporter-output>
        </test-method> <!-- setup -->
        <test-method status="PASS" signature="verifyContactsLinkTest()[pri:3, instance:com.crm.qa.testcases.HomePageTest@4157f54e]" name="verifyContactsLinkTest" duration-ms="267" started-at="2018-01-09T00:58:40Z" finished-at="2018-01-09T00:58:40Z">
          <reporter-output>
          </reporter-output>
        </test-method> <!-- verifyContactsLinkTest -->
        <test-method status="PASS" signature="tearDown()[pri:0, instance:com.crm.qa.testcases.HomePageTest@4157f54e]" name="tearDown" is-config="true" duration-ms="564" started-at="2018-01-09T00:58:40Z" finished-at="2018-01-09T00:58:41Z">
          <reporter-output>
          </reporter-output>
        </test-method> <!-- tearDown -->
      </class> <!-- com.crm.qa.testcases.HomePageTest -->
      <class name="com.crm.qa.testcases.AddNewContactsTest">
        <test-method status="PASS" signature="setup()[pri:0, instance:com.crm.qa.testcases.AddNewContactsTest@3567135c]" name="setup" is-config="true" duration-ms="14958" started-at="2018-01-09T00:57:04Z" finished-at="2018-01-09T00:57:19Z">
          <reporter-output>
          </reporter-output>
        </test-method> <!-- setup -->
        <test-method status="PASS" signature="createNewContact(java.lang.String, java.lang.String, java.lang.String, java.lang.String)[pri:1, instance:com.crm.qa.testcases.AddNewContactsTest@3567135c]" name="createNewContact" duration-ms="416" started-at="2018-01-09T00:57:19Z" data-provider="getCRMDataTest" finished-at="2018-01-09T00:57:20Z">
          <params>
            <param index="0">
              <value>
                <![CDATA[Miss]]>
              </value>
            </param>
            <param index="1">
              <value>
                <![CDATA[Anushka]]>
              </value>
            </param>
            <param index="2">
              <value>
                <![CDATA[Reddy]]>
              </value>
            </param>
            <param index="3">
              <value>
                <![CDATA[TCS]]>
              </value>
            </param>
          </params>
          <reporter-output>
          </reporter-output>
        </test-method> <!-- createNewContact -->
        <test-method status="PASS" signature="tearDown()[pri:0, instance:com.crm.qa.testcases.AddNewContactsTest@3567135c]" name="tearDown" is-config="true" duration-ms="567" started-at="2018-01-09T00:57:20Z" finished-at="2018-01-09T00:57:20Z">
          <reporter-output>
          </reporter-output>
        </test-method> <!-- tearDown -->
        <test-method status="PASS" signature="setup()[pri:0, instance:com.crm.qa.testcases.AddNewContactsTest@3567135c]" name="setup" is-config="true" duration-ms="11349" started-at="2018-01-09T00:57:20Z" finished-at="2018-01-09T00:57:32Z">
          <reporter-output>
          </reporter-output>
        </test-method> <!-- setup -->
        <test-method status="PASS" signature="createNewContact(java.lang.String, java.lang.String, java.lang.String, java.lang.String)[pri:1, instance:com.crm.qa.testcases.AddNewContactsTest@3567135c]" name="createNewContact" duration-ms="376" started-at="2018-01-09T00:57:32Z" data-provider="getCRMDataTest" finished-at="2018-01-09T00:57:32Z">
          <params>
            <param index="0">
              <value>
                <![CDATA[Mrs.]]>
              </value>
            </param>
            <param index="1">
              <value>
                <![CDATA[Mallika]]>
              </value>
            </param>
            <param index="2">
              <value>
                <![CDATA[Pagadala]]>
              </value>
            </param>
            <param index="3">
              <value>
                <![CDATA[Infosys]]>
              </value>
            </param>
          </params>
          <reporter-output>
          </reporter-output>
        </test-method> <!-- createNewContact -->
        <test-method status="PASS" signature="tearDown()[pri:0, instance:com.crm.qa.testcases.AddNewContactsTest@3567135c]" name="tearDown" is-config="true" duration-ms="563" started-at="2018-01-09T00:57:32Z" finished-at="2018-01-09T00:57:33Z">
          <reporter-output>
          </reporter-output>
        </test-method> <!-- tearDown -->
        <test-method status="PASS" signature="setup()[pri:0, instance:com.crm.qa.testcases.AddNewContactsTest@3567135c]" name="setup" is-config="true" duration-ms="13206" started-at="2018-01-09T00:57:33Z" finished-at="2018-01-09T00:57:46Z">
          <reporter-output>
          </reporter-output>
        </test-method> <!-- setup -->
        <test-method status="PASS" signature="createNewContact(java.lang.String, java.lang.String, java.lang.String, java.lang.String)[pri:1, instance:com.crm.qa.testcases.AddNewContactsTest@3567135c]" name="createNewContact" duration-ms="340" started-at="2018-01-09T00:57:46Z" data-provider="getCRMDataTest" finished-at="2018-01-09T00:57:46Z">
          <params>
            <param index="0">
              <value>
                <![CDATA[Ms.]]>
              </value>
            </param>
            <param index="1">
              <value>
                <![CDATA[Laasya]]>
              </value>
            </param>
            <param index="2">
              <value>
                <![CDATA[Pagadala]]>
              </value>
            </param>
            <param index="3">
              <value>
                <![CDATA[Wipro]]>
              </value>
            </param>
          </params>
          <reporter-output>
          </reporter-output>
        </test-method> <!-- createNewContact -->
        <test-method status="PASS" signature="tearDown()[pri:0, instance:com.crm.qa.testcases.AddNewContactsTest@3567135c]" name="tearDown" is-config="true" duration-ms="568" started-at="2018-01-09T00:57:46Z" finished-at="2018-01-09T00:57:47Z">
          <reporter-output>
          </reporter-output>
        </test-method> <!-- tearDown -->
      </class> <!-- com.crm.qa.testcases.AddNewContactsTest -->
      <class name="com.crm.qa.testcases.ContactsPageTest">
        <test-method status="PASS" signature="setup()[pri:0, instance:com.crm.qa.testcases.ContactsPageTest@327471b5]" name="setup" is-config="true" duration-ms="8911" started-at="2018-01-09T00:57:47Z" finished-at="2018-01-09T00:57:56Z">
          <reporter-output>
          </reporter-output>
        </test-method> <!-- setup -->
        <test-method status="PASS" signature="verifyContactsLabelTest()[pri:1, instance:com.crm.qa.testcases.ContactsPageTest@327471b5]" name="verifyContactsLabelTest" duration-ms="21" started-at="2018-01-09T00:57:56Z" finished-at="2018-01-09T00:57:56Z">
          <reporter-output>
          </reporter-output>
        </test-method> <!-- verifyContactsLabelTest -->
        <test-method status="PASS" signature="tearDown()[pri:0, instance:com.crm.qa.testcases.ContactsPageTest@327471b5]" name="tearDown" is-config="true" duration-ms="562" started-at="2018-01-09T00:57:56Z" finished-at="2018-01-09T00:57:56Z">
          <reporter-output>
          </reporter-output>
        </test-method> <!-- tearDown -->
        <test-method status="PASS" signature="setup()[pri:0, instance:com.crm.qa.testcases.ContactsPageTest@327471b5]" name="setup" is-config="true" duration-ms="8552" started-at="2018-01-09T00:58:09Z" finished-at="2018-01-09T00:58:17Z">
          <reporter-output>
          </reporter-output>
        </test-method> <!-- setup -->
        <test-method status="FAIL" signature="selectContactsByNameTest()[pri:2, instance:com.crm.qa.testcases.ContactsPageTest@327471b5]" name="selectContactsByNameTest" duration-ms="393" started-at="2018-01-09T00:58:17Z" finished-at="2018-01-09T00:58:18Z">
          <exception class="org.openqa.selenium.WebDriverException">
            <message>
              <![CDATA[unknown error: Element <input type="checkbox" name="contact_id" value="51318720"> is not clickable at point (137, 643). Other element would receive the click: <iframe allowfullscreen="" class="intercom-borderless-frame" name="intercom-borderless-frame" style="height: 326px;"></iframe>  (Session info: chrome=63.0.3239.84)  (Driver info: chromedriver=2.34.522940 (1a76f96f66e3ca7b8e57d503b4dd3bccfba87af1),platform=Windows NT 10.0.16299 x86_64) (WARNING: The server did not provide any stacktrace information)Command duration or timeout: 0 millisecondsBuild info: version: '3.7.1', revision: '8a0099a', time: '2017-11-06T21:01:39.354Z'System info: host: 'DESKTOP-7FT6705', ip: '192.168.56.1', os.name: 'Windows 10', os.arch: 'amd64', os.version: '10.0', java.version: '1.8.0_151'Driver info: org.openqa.selenium.chrome.ChromeDriverCapabilities {acceptSslCerts: true, applicationCacheEnabled: false, browserConnectionEnabled: false, browserName: chrome, chrome: {chromedriverVersion: 2.34.522940 (1a76f96f66e3ca..., userDataDir: C:\Users\mvnre\AppData\Loca...}, cssSelectorsEnabled: true, databaseEnabled: false, handlesAlerts: true, hasTouchScreen: false, javascriptEnabled: true, locationContextEnabled: true, mobileEmulationEnabled: false, nativeEvents: true, networkConnectionEnabled: false, pageLoadStrategy: normal, platform: XP, platformName: XP, rotatable: false, setWindowRect: true, takesHeapSnapshot: true, takesScreenshot: true, unexpectedAlertBehaviour: , unhandledPromptBehavior: , version: 63.0.3239.84, webStorageEnabled: true}Session ID: 54c92de5f9976c58a1fba3711e576d3a]]>
            </message>
            <full-stacktrace>
              <![CDATA[org.openqa.selenium.WebDriverException: unknown error: Element <input type="checkbox" name="contact_id" value="51318720"> is not clickable at point (137, 643). Other element would receive the click: <iframe allowfullscreen="" class="intercom-borderless-frame" name="intercom-borderless-frame" style="height: 326px;"></iframe>  (Session info: chrome=63.0.3239.84)  (Driver info: chromedriver=2.34.522940 (1a76f96f66e3ca7b8e57d503b4dd3bccfba87af1),platform=Windows NT 10.0.16299 x86_64) (WARNING: The server did not provide any stacktrace information)Command duration or timeout: 0 millisecondsBuild info: version: '3.7.1', revision: '8a0099a', time: '2017-11-06T21:01:39.354Z'System info: host: 'DESKTOP-7FT6705', ip: '192.168.56.1', os.name: 'Windows 10', os.arch: 'amd64', os.version: '10.0', java.version: '1.8.0_151'Driver info: org.openqa.selenium.chrome.ChromeDriverCapabilities {acceptSslCerts: true, applicationCacheEnabled: false, browserConnectionEnabled: false, browserName: chrome, chrome: {chromedriverVersion: 2.34.522940 (1a76f96f66e3ca..., userDataDir: C:\Users\mvnre\AppData\Loca...}, cssSelectorsEnabled: true, databaseEnabled: false, handlesAlerts: true, hasTouchScreen: false, javascriptEnabled: true, locationContextEnabled: true, mobileEmulationEnabled: false, nativeEvents: true, networkConnectionEnabled: false, pageLoadStrategy: normal, platform: XP, platformName: XP, rotatable: false, setWindowRect: true, takesHeapSnapshot: true, takesScreenshot: true, unexpectedAlertBehaviour: , unhandledPromptBehavior: , version: 63.0.3239.84, webStorageEnabled: true}Session ID: 54c92de5f9976c58a1fba3711e576d3aat sun.reflect.NativeConstructorAccessorImpl.newInstance0(Native Method)at sun.reflect.NativeConstructorAccessorImpl.newInstance(NativeConstructorAccessorImpl.java:62)at sun.reflect.DelegatingConstructorAccessorImpl.newInstance(DelegatingConstructorAccessorImpl.java:45)at java.lang.reflect.Constructor.newInstance(Constructor.java:423)at org.openqa.selenium.remote.ErrorHandler.createThrowable(ErrorHandler.java:214)at org.openqa.selenium.remote.ErrorHandler.throwIfResponseFailed(ErrorHandler.java:166)at org.openqa.selenium.remote.http.JsonHttpResponseCodec.reconstructValue(JsonHttpResponseCodec.java:40)at org.openqa.selenium.remote.http.AbstractHttpResponseCodec.decode(AbstractHttpResponseCodec.java:80)at org.openqa.selenium.remote.http.AbstractHttpResponseCodec.decode(AbstractHttpResponseCodec.java:44)at org.openqa.selenium.remote.HttpCommandExecutor.execute(HttpCommandExecutor.java:164)at org.openqa.selenium.remote.service.DriverCommandExecutor.execute(DriverCommandExecutor.java:83)at org.openqa.selenium.remote.RemoteWebDriver.execute(RemoteWebDriver.java:600)at org.openqa.selenium.remote.RemoteWebElement.execute(RemoteWebElement.java:279)at org.openqa.selenium.remote.RemoteWebElement.click(RemoteWebElement.java:83)at sun.reflect.GeneratedMethodAccessor9.invoke(Unknown Source)at sun.reflect.DelegatingMethodAccessorImpl.invoke(DelegatingMethodAccessorImpl.java:43)at java.lang.reflect.Method.invoke(Method.java:498)at org.openqa.selenium.support.events.EventFiringWebDriver$EventFiringWebElement$1.invoke(EventFiringWebDriver.java:376)at com.sun.proxy.$Proxy12.click(Unknown Source)at org.openqa.selenium.support.events.EventFiringWebDriver$EventFiringWebElement.click(EventFiringWebDriver.java:389)at com.crm.qa.pages.ContactsPage.selectContactsByName(ContactsPage.java:32)at com.crm.qa.testcases.ContactsPageTest.selectContactsByNameTest(ContactsPageTest.java:45)at sun.reflect.NativeMethodAccessorImpl.invoke0(Native Method)at sun.reflect.NativeMethodAccessorImpl.invoke(NativeMethodAccessorImpl.java:62)at sun.reflect.DelegatingMethodAccessorImpl.invoke(DelegatingMethodAccessorImpl.java:43)at java.lang.reflect.Method.invoke(Method.java:498)at org.testng.internal.MethodInvocationHelper.invokeMethod(MethodInvocationHelper.java:124)at org.testng.internal.Invoker.invokeMethod(Invoker.java:571)at org.testng.internal.Invoker.invokeTestMethod(Invoker.java:707)at org.testng.internal.Invoker.invokeTestMethods(Invoker.java:979)at org.testng.internal.TestMethodWorker.invokeTestMethods(TestMethodWorker.java:125)at org.testng.internal.TestMethodWorker.run(TestMethodWorker.java:109)at org.testng.TestRunner.privateRun(TestRunner.java:648)at org.testng.TestRunner.run(TestRunner.java:505)at org.testng.SuiteRunner.runTest(SuiteRunner.java:455)at org.testng.SuiteRunner.runSequentially(SuiteRunner.java:450)at org.testng.SuiteRunner.privateRun(SuiteRunner.java:415)at org.testng.SuiteRunner.run(SuiteRunner.java:364)at org.testng.SuiteRunnerWorker.runSuite(SuiteRunnerWorker.java:52)at org.testng.SuiteRunnerWorker.run(SuiteRunnerWorker.java:84)at org.testng.TestNG.runSuitesSequentially(TestNG.java:1187)at org.testng.TestNG.runSuitesLocally(TestNG.java:1116)at org.testng.TestNG.runSuites(TestNG.java:1028)at org.testng.TestNG.run(TestNG.java:996)at org.apache.maven.surefire.testng.TestNGExecutor.run(TestNGExecutor.java:77)at org.apache.maven.surefire.testng.TestNGDirectoryTestSuite.executeMulti(TestNGDirectoryTestSuite.java:159)at org.apache.maven.surefire.testng.TestNGDirectoryTestSuite.execute(TestNGDirectoryTestSuite.java:99)at org.apache.maven.surefire.testng.TestNGProvider.invoke(TestNGProvider.java:106)at sun.reflect.NativeMethodAccessorImpl.invoke0(Native Method)at sun.reflect.NativeMethodAccessorImpl.invoke(NativeMethodAccessorImpl.java:62)at sun.reflect.DelegatingMethodAccessorImpl.invoke(DelegatingMethodAccessorImpl.java:43)at java.lang.reflect.Method.invoke(Method.java:498)at org.apache.maven.surefire.util.ReflectionUtils.invokeMethodWithArray(ReflectionUtils.java:189)at org.apache.maven.surefire.booter.ProviderFactory$ProviderProxy.invoke(ProviderFactory.java:165)at org.apache.maven.surefire.booter.ProviderFactory.invokeProvider(ProviderFactory.java:85)at org.apache.maven.surefire.booter.ForkedBooter.runSuitesInProcess(ForkedBooter.java:115)at org.apache.maven.surefire.booter.ForkedBooter.main(ForkedBooter.java:75)]]>
            </full-stacktrace>
          </exception> <!-- org.openqa.selenium.WebDriverException -->
          <reporter-output>
          </reporter-output>
        </test-method> <!-- selectContactsByNameTest -->
        <test-method status="PASS" signature="tearDown()[pri:0, instance:com.crm.qa.testcases.ContactsPageTest@327471b5]" name="tearDown" is-config="true" duration-ms="564" started-at="2018-01-09T00:58:18Z" finished-at="2018-01-09T00:58:18Z">
          <reporter-output>
          </reporter-output>
        </test-method> <!-- tearDown -->
      </class> <!-- com.crm.qa.testcases.ContactsPageTest -->
      <class name="com.crm.qa.testcases.LoginPageTest">
        <test-method status="PASS" signature="setUp()[pri:0, instance:com.crm.qa.testcases.LoginPageTest@90f6bfd]" name="setUp" is-config="true" duration-ms="4746" started-at="2018-01-09T00:58:03Z" finished-at="2018-01-09T00:58:08Z">
          <reporter-output>
          </reporter-output>
        </test-method> <!-- setUp -->
        <test-method status="PASS" signature="loginPageTitleTest()[pri:1, instance:com.crm.qa.testcases.LoginPageTest@90f6bfd]" name="loginPageTitleTest" duration-ms="13" started-at="2018-01-09T00:58:08Z" finished-at="2018-01-09T00:58:08Z">
          <reporter-output>
          </reporter-output>
        </test-method> <!-- loginPageTitleTest -->
        <test-method status="PASS" signature="tearDown()[pri:0, instance:com.crm.qa.testcases.LoginPageTest@90f6bfd]" name="tearDown" is-config="true" duration-ms="589" started-at="2018-01-09T00:58:08Z" finished-at="2018-01-09T00:58:09Z">
          <reporter-output>
          </reporter-output>
        </test-method> <!-- tearDown -->
        <test-method status="PASS" signature="setUp()[pri:0, instance:com.crm.qa.testcases.LoginPageTest@90f6bfd]" name="setUp" is-config="true" duration-ms="4691" started-at="2018-01-09T00:58:25Z" finished-at="2018-01-09T00:58:30Z">
          <reporter-output>
          </reporter-output>
        </test-method> <!-- setUp -->
        <test-method status="PASS" signature="CRMLogoImageTest()[pri:2, instance:com.crm.qa.testcases.LoginPageTest@90f6bfd]" name="CRMLogoImageTest" duration-ms="31" started-at="2018-01-09T00:58:30Z" finished-at="2018-01-09T00:58:30Z">
          <reporter-output>
          </reporter-output>
        </test-method> <!-- CRMLogoImageTest -->
        <test-method status="PASS" signature="tearDown()[pri:0, instance:com.crm.qa.testcases.LoginPageTest@90f6bfd]" name="tearDown" is-config="true" duration-ms="559" started-at="2018-01-09T00:58:30Z" finished-at="2018-01-09T00:58:30Z">
          <reporter-output>
          </reporter-output>
        </test-method> <!-- tearDown -->
        <test-method status="PASS" signature="setUp()[pri:0, instance:com.crm.qa.testcases.LoginPageTest@90f6bfd]" name="setUp" is-config="true" duration-ms="4617" started-at="2018-01-09T00:58:41Z" finished-at="2018-01-09T00:58:45Z">
          <reporter-output>
          </reporter-output>
        </test-method> <!-- setUp -->
        <test-method status="PASS" signature="loginTest()[pri:3, instance:com.crm.qa.testcases.LoginPageTest@90f6bfd]" name="loginTest" duration-ms="1974" started-at="2018-01-09T00:58:45Z" finished-at="2018-01-09T00:58:47Z">
          <reporter-output>
          </reporter-output>
        </test-method> <!-- loginTest -->
        <test-method status="PASS" signature="tearDown()[pri:0, instance:com.crm.qa.testcases.LoginPageTest@90f6bfd]" name="tearDown" is-config="true" duration-ms="569" started-at="2018-01-09T00:58:47Z" finished-at="2018-01-09T00:58:48Z">
          <reporter-output>
          </reporter-output>
        </test-method> <!-- tearDown -->
      </class> <!-- com.crm.qa.testcases.LoginPageTest -->
    </test> <!-- Command line test -->
  </suite> <!-- Command line suite -->
</testng-results>
